<?xml version="1.0" encoding="UTF-8"?>
<!-- Generated by org.testng.reporters.JUnitReportReporter -->
<testsuite hostname="LAPTOP-NU0OESE7" name="logIn.ActimeLogin" tests="1" failures="0" timestamp="13 Apr 2017 07:22:30 GMT" time="13.295" errors="0">
  <testcase name="createCustomerTest" time="13.295" classname="logIn.ActimeLogin"/>
</testsuite> <!-- logIn.ActimeLogin -->
